2022/11/09 18:40:49.952 I CsvDatasetReader               Reading single user CSV dataset at user samples... 
2022/11/09 18:40:49.986 I CsvDatasetReader                   c:\repos\dataset\2003263\2792743.csv 
2022/11/09 18:40:49.989 I CsvDatasetReader                   c:\repos\dataset\2003263\2794134.csv 
2022/11/09 18:40:49.989 I CsvDatasetReader                   c:\repos\dataset\2003263\2795865.csv 
2022/11/09 18:40:49.989 I CsvDatasetReader                   c:\repos\dataset\2003263\2813369.csv 
2022/11/09 18:40:49.989 I CsvDatasetReader                   c:\repos\dataset\2003263\2813699.csv 
2022/11/09 18:40:49.989 I CsvDatasetReader                   c:\repos\dataset\2003263\2815950.csv 
2022/11/09 18:40:49.989 I CsvDatasetReader                   c:\repos\dataset\2003263\2828214.csv 
2022/11/09 18:40:49.989 I CsvDatasetReader                   c:\repos\dataset\2003263\2837207.csv 
2022/11/09 18:40:49.989 I CsvDatasetReader                   c:\repos\dataset\2003263\2839997.csv 
2022/11/09 18:40:49.989 I CsvDatasetReader                   c:\repos\dataset\2003263\2844425.csv 
2022/11/09 18:40:49.989 I CsvDatasetReader                   c:\repos\dataset\2003263\2854946.csv 
2022/11/09 18:40:49.989 I CsvDatasetReader                   c:\repos\dataset\2003263\2857131.csv 
2022/11/09 18:40:49.989 I CsvDatasetReader                   c:\repos\dataset\2003263\2866466.csv 
2022/11/09 18:40:49.989 I CsvDatasetReader                   c:\repos\dataset\2003263\2887524.csv 
2022/11/09 18:40:49.989 I CsvDatasetReader                   c:\repos\dataset\2003263\2892939.csv 
2022/11/09 18:40:49.989 I CsvDatasetReader                   c:\repos\dataset\2003263\2894958.csv 
2022/11/09 18:40:49.989 I CsvDatasetReader                   c:\repos\dataset\2003263\2896408.csv 
2022/11/09 18:40:49.989 I CsvDatasetReader                   c:\repos\dataset\2003263\2896628.csv 
2022/11/09 18:40:49.989 I CsvDatasetReader                   c:\repos\dataset\2003263\2901327.csv 
2022/11/09 18:40:49.989 I CsvDatasetReader                   c:\repos\dataset\2003263\2908447.csv 
2022/11/09 18:40:49.989 I CsvDatasetReader                   c:\repos\dataset\2003263\2911162.csv 
2022/11/09 18:40:49.989 I CsvDatasetReader                   c:\repos\dataset\2003263\2927664.csv 
2022/11/09 18:40:49.989 I CsvDatasetReader                   c:\repos\dataset\2003263\2956330.csv 
2022/11/09 18:40:49.989 I CsvDatasetReader                   c:\repos\dataset\2003263\2956331.csv 
2022/11/09 18:40:49.989 I CsvDatasetReader                   c:\repos\dataset\2003263\2959832.csv 
2022/11/09 18:40:49.989 I CsvDatasetReader                   c:\repos\dataset\2003263\2967057.csv 
2022/11/09 18:40:49.989 I CsvDatasetReader                   c:\repos\dataset\2003263\2969272.csv 
2022/11/09 18:40:49.989 I CsvDatasetReader                   c:\repos\dataset\2003263\2975426.csv 
2022/11/09 18:40:49.989 I CsvDatasetReader                   c:\repos\dataset\2003263\2981988.csv 
2022/11/09 18:40:49.989 I CsvDatasetReader                   c:\repos\dataset\2003263\2986944.csv 
2022/11/09 18:40:49.989 I CsvDatasetReader                   c:\repos\dataset\2003263\2996534.csv 
2022/11/09 18:40:49.989 I CsvDatasetReader                   c:\repos\dataset\2003263\2997056.csv 
2022/11/09 18:40:49.989 I CsvDatasetReader                   c:\repos\dataset\2003263\2997461.csv 
2022/11/09 18:40:49.989 I CsvDatasetReader                   c:\repos\dataset\2003263\3021531.csv 
2022/11/09 18:40:49.989 I CsvDatasetReader                   c:\repos\dataset\2003263\3031836.csv 
2022/11/09 18:40:49.989 I CsvDatasetReader                   c:\repos\dataset\2003263\3049544.csv 
2022/11/09 18:40:49.989 I CsvDatasetReader                   c:\repos\dataset\2003263\3049549.csv 
2022/11/09 18:40:49.989 I CsvDatasetReader                   c:\repos\dataset\2003263\3052104.csv 
2022/11/09 18:40:50.003 I CsvDatasetReader                   c:\repos\dataset\2003263\3057005.csv 
2022/11/09 18:40:50.003 I CsvDatasetReader                   c:\repos\dataset\2003263\3062744.csv 
2022/11/09 18:40:50.003 I CsvDatasetReader                   c:\repos\dataset\2003263\3064408.csv 
2022/11/09 18:40:50.003 I CsvDatasetReader                   c:\repos\dataset\2003263\3074074.csv 
2022/11/09 18:40:50.003 I CsvDatasetReader                   c:\repos\dataset\2003263\3074079.csv 
2022/11/09 18:40:50.003 I CsvDatasetReader                   c:\repos\dataset\2003263\3084622.csv 
2022/11/09 18:40:50.003 I CsvDatasetReader                   c:\repos\dataset\2003263\3111162.csv 
2022/11/09 18:40:50.003 I CsvDatasetReader                   c:\repos\dataset\2003263\3111237.csv 
2022/11/09 18:40:50.003 I CsvDatasetReader                   c:\repos\dataset\2003263\3115643.csv 
2022/11/09 18:40:50.003 I CsvDatasetReader                   c:\repos\dataset\2003263\3136582.csv 
2022/11/09 18:40:50.003 I CsvDatasetReader                   c:\repos\dataset\2003263\3138955.csv 
2022/11/09 18:40:50.003 I CsvDatasetReader                   c:\repos\dataset\2003263\3139559.csv 
2022/11/09 18:40:50.003 I CsvDatasetReader                   c:\repos\dataset\2003263\3147678.csv 
2022/11/09 18:40:50.003 I CsvDatasetReader                   c:\repos\dataset\2003263\3147715.csv 
2022/11/09 18:40:50.003 I CsvDatasetReader                   c:\repos\dataset\2003263\3170651.csv 
2022/11/09 18:40:50.003 I CsvDatasetReader                   c:\repos\dataset\2003263\3181539.csv 
2022/11/09 18:40:50.003 I CsvDatasetReader                   c:\repos\dataset\2003263\3195267.csv 
2022/11/09 18:40:50.003 I CsvDatasetReader                   c:\repos\dataset\2003263\3204441.csv 
2022/11/09 18:40:50.003 I CsvDatasetReader                   c:\repos\dataset\2003263\3214605.csv 
2022/11/09 18:40:50.003 I CsvDatasetReader                   c:\repos\dataset\2003263\3214608.csv 
2022/11/09 18:40:50.003 I CsvDatasetReader                   c:\repos\dataset\2003263\3215651.csv 
2022/11/09 18:40:50.003 I CsvDatasetReader                   c:\repos\dataset\2003263\3223826.csv 
2022/11/09 18:40:50.003 I CsvDatasetReader                   c:\repos\dataset\2003263\3224654.csv 
2022/11/09 18:40:50.003 I CsvDatasetReader                   c:\repos\dataset\2003263\3226287.csv 
2022/11/09 18:40:50.003 I CsvDatasetReader                   c:\repos\dataset\2003263\3235010.csv 
2022/11/09 18:40:50.003 I CsvDatasetReader                   c:\repos\dataset\2003263\3254403.csv 
2022/11/09 18:40:50.003 I CsvDatasetReader                   c:\repos\dataset\2003263\3264087.csv 
2022/11/09 18:40:50.003 I CsvDatasetReader                   c:\repos\dataset\2003263\3266002.csv 
2022/11/09 18:40:50.003 I CsvDatasetReader                   c:\repos\dataset\2003263\3271684.csv 
2022/11/09 18:40:50.003 I CsvDatasetReader                   c:\repos\dataset\2003263\3277710.csv 
2022/11/09 18:40:50.003 I CsvDatasetReader                   c:\repos\dataset\2003263\3278365.csv 
2022/11/09 18:40:50.003 I CsvDatasetReader                   c:\repos\dataset\2003263\3279558.csv 
2022/11/09 18:40:50.003 I CsvDatasetReader                   c:\repos\dataset\2003263\3279578.csv 
2022/11/09 18:40:50.003 I CsvDatasetReader                   c:\repos\dataset\2003263\3279580.csv 
2022/11/09 18:40:50.003 I CsvDatasetReader                   c:\repos\dataset\2003263\3280708.csv 
2022/11/09 18:40:50.003 I CsvDatasetReader                   c:\repos\dataset\2003263\3287231.csv 
2022/11/09 18:40:50.003 I CsvDatasetReader                   c:\repos\dataset\2003263\3293472.csv 
2022/11/09 18:40:50.003 I CsvDatasetReader                   c:\repos\dataset\2003263\3294390.csv 
2022/11/09 18:40:50.003 I CsvDatasetReader                   c:\repos\dataset\2003263\3294460.csv 
2022/11/09 18:40:50.003 I CsvDatasetReader                   c:\repos\dataset\2003263\3303631.csv 
2022/11/09 18:40:50.003 I CsvDatasetReader                   c:\repos\dataset\2003263\3312762.csv 
2022/11/09 18:40:50.003 I CsvDatasetReader                   c:\repos\dataset\2003263\3317281.csv 
2022/11/09 18:40:50.003 I CsvDatasetReader                   c:\repos\dataset\2003263\3318450.csv 
2022/11/09 18:40:50.020 I CsvDatasetReader                   c:\repos\dataset\2003263\3321080.csv 
2022/11/09 18:40:50.020 I CsvDatasetReader                   c:\repos\dataset\2003263\3324444.csv 
2022/11/09 18:40:50.020 I CsvDatasetReader                   c:\repos\dataset\2003263\3324447.csv 
2022/11/09 18:40:50.020 I CsvDatasetReader                   c:\repos\dataset\2003263\3328612.csv 
2022/11/09 18:40:50.020 I CsvDatasetReader                   c:\repos\dataset\2003263\3334503.csv 
2022/11/09 18:40:50.020 I CsvDatasetReader                   c:\repos\dataset\2003263\3339395.csv 
2022/11/09 18:40:50.020 I CsvDatasetReader                   c:\repos\dataset\2003263\3343323.csv 
2022/11/09 18:40:50.020 I CsvDatasetReader                   c:\repos\dataset\2003263\3343556.csv 
2022/11/09 18:40:50.020 I CsvDatasetReader                   c:\repos\dataset\2003263\3347294.csv 
2022/11/09 18:40:50.020 I CsvDatasetReader                   c:\repos\dataset\2003263\3354000.csv 
2022/11/09 18:40:50.020 I CsvDatasetReader                   c:\repos\dataset\2003263\3358972.csv 
2022/11/09 18:40:50.020 I CsvDatasetReader                   c:\repos\dataset\2003263\3365010.csv 
2022/11/09 18:40:50.020 I CsvDatasetReader                   c:\repos\dataset\2003263\3370785.csv 
2022/11/09 18:40:50.020 I CsvDatasetReader                   c:\repos\dataset\2003263\3381148.csv 
2022/11/09 18:40:50.020 I CsvDatasetReader                   c:\repos\dataset\2003263\3381407.csv 
2022/11/09 18:40:50.020 I CsvDatasetReader                   c:\repos\dataset\2003263\3384765.csv 
2022/11/09 18:40:50.020 I CsvDatasetReader                   c:\repos\dataset\2003263\3384844.csv 
2022/11/09 18:40:50.020 I CsvDatasetReader                   c:\repos\dataset\2003263\3391073.csv 
2022/11/09 18:40:50.020 I CsvDatasetReader                   c:\repos\dataset\2003263\3391075.csv 
2022/11/09 18:40:50.020 I CsvDatasetReader                   c:\repos\dataset\2003263\3393249.csv 
2022/11/09 18:40:50.020 I CsvDatasetReader                   c:\repos\dataset\2003263\3395484.csv 
2022/11/09 18:40:50.020 I CsvDatasetReader                   c:\repos\dataset\2003263\3395486.csv 
2022/11/09 18:40:50.020 I CsvDatasetReader                   c:\repos\dataset\2003263\3412633.csv 
2022/11/09 18:40:50.020 I CsvDatasetReader                   c:\repos\dataset\2003263\3415780.csv 
2022/11/09 18:40:50.020 I CsvDatasetReader                   c:\repos\dataset\2003263\3418733.csv 
2022/11/09 18:40:50.020 I CsvDatasetReader                   c:\repos\dataset\2003263\3440934.csv 
2022/11/09 18:40:50.020 I CsvDatasetReader                   c:\repos\dataset\2003263\3441923.csv 
2022/11/09 18:40:50.020 I CsvDatasetReader                   c:\repos\dataset\2003263\3442079.csv 
2022/11/09 18:40:50.020 I CsvDatasetReader                   c:\repos\dataset\2003263\3450545.csv 
2022/11/09 18:40:50.020 I CsvDatasetReader                   c:\repos\dataset\2003263\3459138.csv 
2022/11/09 18:40:50.020 I CsvDatasetReader                   c:\repos\dataset\2003263\3462582.csv 
2022/11/09 18:40:50.020 I CsvDatasetReader                   c:\repos\dataset\2003263\3476214.csv 
2022/11/09 18:40:50.020 I CsvDatasetReader                   c:\repos\dataset\2003263\3485145.csv 
2022/11/09 18:40:50.020 I CsvDatasetReader                   c:\repos\dataset\2003263\3486070.csv 
2022/11/09 18:40:50.020 I CsvDatasetReader                   c:\repos\dataset\2003263\3490295.csv 
2022/11/09 18:40:50.020 I CsvDatasetReader                   c:\repos\dataset\2003263\3494853.csv 
2022/11/09 18:40:50.020 I CsvDatasetReader                   c:\repos\dataset\2003263\3503418.csv 
2022/11/09 18:40:50.020 I CsvDatasetReader                   c:\repos\dataset\2003263\3515759.csv 
2022/11/09 18:40:50.020 I CsvDatasetReader                   c:\repos\dataset\2003263\3583411.csv 
2022/11/09 18:40:50.020 I CsvDatasetReader                   c:\repos\dataset\2003263\3597313.csv 
2022/11/09 18:40:50.020 I CsvDatasetReader                   c:\repos\dataset\2003263\3613526.csv 
2022/11/09 18:40:50.020 I CsvDatasetReader                   c:\repos\dataset\2003263\3613688.csv 
2022/11/09 18:40:50.020 I CsvDatasetReader                   c:\repos\dataset\2003263\3615147.csv 
2022/11/09 18:40:50.020 I CsvDatasetReader                   c:\repos\dataset\2003263\3616329.csv 
2022/11/09 18:40:50.020 I CsvDatasetReader                   c:\repos\dataset\2003263\3633546.csv 
2022/11/09 18:40:50.020 I CsvDatasetReader                   c:\repos\dataset\2003263\3642052.csv 
2022/11/09 18:40:50.020 I CsvDatasetReader                   c:\repos\dataset\2003263\3643137.csv 
2022/11/09 18:40:50.020 I CsvDatasetReader                   c:\repos\dataset\2003263\3645296.csv 
2022/11/09 18:40:50.035 I CsvDatasetReader                   c:\repos\dataset\2003263\3646485.csv 
2022/11/09 18:40:50.035 I CsvDatasetReader                   c:\repos\dataset\2003263\3652106.csv 
2022/11/09 18:40:50.035 I CsvDatasetReader                   c:\repos\dataset\2003263\3653169.csv 
2022/11/09 18:40:50.035 I CsvDatasetReader                   c:\repos\dataset\2003263\3655778.csv 
2022/11/09 18:40:50.035 I CsvDatasetReader                   c:\repos\dataset\2003263\3661457.csv 
2022/11/09 18:40:50.035 I CsvDatasetReader                   c:\repos\dataset\2003263\3663986.csv 
2022/11/09 18:40:50.035 I CsvDatasetReader                   c:\repos\dataset\2003263\3668375.csv 
2022/11/09 18:40:50.035 I CsvDatasetReader                   c:\repos\dataset\2003263\3683706.csv 
2022/11/09 18:40:50.035 I CsvDatasetReader                   c:\repos\dataset\2003263\3696486.csv 
2022/11/09 18:40:50.035 I CsvDatasetReader                   c:\repos\dataset\2003263\3697950.csv 
2022/11/09 18:40:50.035 I CsvDatasetReader                   c:\repos\dataset\2003263\3703903.csv 
2022/11/09 18:40:50.035 I CsvDatasetReader                   c:\repos\dataset\2003263\3736199.csv 
2022/11/09 18:40:50.035 I CsvDatasetReader                   c:\repos\dataset\2003263\3739025.csv 
2022/11/09 18:40:50.035 I CsvDatasetReader                   c:\repos\dataset\2003263\3750226.csv 
2022/11/09 18:40:50.035 I CsvDatasetReader                   c:\repos\dataset\2003263\3750281.csv 
2022/11/09 18:40:50.035 I CsvDatasetReader                   c:\repos\dataset\2003263\3750684.csv 
2022/11/09 18:40:50.035 I CsvDatasetReader                   c:\repos\dataset\2003263\3751619.csv 
2022/11/09 18:40:50.035 I CsvDatasetReader                   c:\repos\dataset\2003263\3751831.csv 
2022/11/09 18:40:50.035 I CsvDatasetReader                   c:\repos\dataset\2003263\3759854.csv 
2022/11/09 18:40:50.035 I CsvDatasetReader                   c:\repos\dataset\2003263\3766070.csv 
2022/11/09 18:40:50.035 I CsvDatasetReader                   c:\repos\dataset\2003263\3768231.csv 
2022/11/09 18:40:50.035 I CsvDatasetReader                   c:\repos\dataset\2003263\3772659.csv 
2022/11/09 18:40:50.035 I CsvDatasetReader                   c:\repos\dataset\2003263\3778342.csv 
2022/11/09 18:40:50.035 I CsvDatasetReader                   c:\repos\dataset\2003263\3788978.csv 
2022/11/09 18:40:50.035 I CsvDatasetReader                   c:\repos\dataset\2003263\3792862.csv 
2022/11/09 18:40:50.035 I CsvDatasetReader                   c:\repos\dataset\2003263\3796234.csv 
2022/11/09 18:40:50.035 I CsvDatasetReader                   c:\repos\dataset\2003263\3801024.csv 
2022/11/09 18:40:50.035 I CsvDatasetReader                   c:\repos\dataset\2003263\3802747.csv 
2022/11/09 18:40:50.035 I CsvDatasetReader                   c:\repos\dataset\2003263\3810264.csv 
2022/11/09 18:40:50.035 I CsvDatasetReader                   c:\repos\dataset\2003263\3810347.csv 
2022/11/09 18:40:50.035 I CsvDatasetReader                   c:\repos\dataset\2003263\3811109.csv 
2022/11/09 18:40:50.035 I CsvDatasetReader                   c:\repos\dataset\2003263\3811674.csv 
2022/11/09 18:40:50.035 I CsvDatasetReader                   c:\repos\dataset\2003263\3811807.csv 
2022/11/09 18:40:50.035 I CsvDatasetReader                   c:\repos\dataset\2003263\3812349.csv 
2022/11/09 18:40:50.035 I CsvDatasetReader                   c:\repos\dataset\2003263\3814481.csv 
2022/11/09 18:40:50.035 I CsvDatasetReader                   c:\repos\dataset\2003263\3817074.csv 
2022/11/09 18:40:50.035 I CsvDatasetReader                   c:\repos\dataset\2003263\3818824.csv 
2022/11/09 18:40:50.035 I CsvDatasetReader                   c:\repos\dataset\2003263\3818827.csv 
2022/11/09 18:40:50.035 I CsvDatasetReader                   c:\repos\dataset\2003263\3819291.csv 
2022/11/09 18:40:50.035 I CsvDatasetReader                   c:\repos\dataset\2003263\3826920.csv 
2022/11/09 18:40:50.050 I CsvDatasetReader                   c:\repos\dataset\2003263\3827791.csv 
2022/11/09 18:40:50.050 I CsvDatasetReader                   c:\repos\dataset\2003263\3827935.csv 
2022/11/09 18:40:50.050 I CsvDatasetReader                   c:\repos\dataset\2003263\3828300.csv 
2022/11/09 18:40:50.050 I CsvDatasetReader                   c:\repos\dataset\2003263\3828466.csv 
2022/11/09 18:40:50.050 I CsvDatasetReader                   c:\repos\dataset\2003263\3828855.csv 
2022/11/09 18:40:50.050 I CsvDatasetReader                   c:\repos\dataset\2003263\3828882.csv 
2022/11/09 18:40:50.050 I CsvDatasetReader                   c:\repos\dataset\2003263\3829713.csv 
2022/11/09 18:40:50.050 I CsvDatasetReader                   c:\repos\dataset\2003263\3829715.csv 
2022/11/09 18:40:50.050 I CsvDatasetReader                   c:\repos\dataset\2003263\3838359.csv 
2022/11/09 18:40:50.050 I CsvDatasetReader                   c:\repos\dataset\2003263\3842715.csv 
2022/11/09 18:40:50.050 I CsvDatasetReader                   c:\repos\dataset\2003263\3877145.csv 
2022/11/09 18:40:50.050 I CsvDatasetReader                   c:\repos\dataset\2003263\3877230.csv 
2022/11/09 18:40:50.050 I CsvDatasetReader                   c:\repos\dataset\2003263\3878457.csv 
2022/11/09 18:40:50.050 I CsvDatasetReader                   c:\repos\dataset\2003263\3888667.csv 
2022/11/09 18:40:50.050 I CsvDatasetReader                   c:\repos\dataset\2003263\3908614.csv 
2022/11/09 18:40:50.050 I CsvDatasetReader                   c:\repos\dataset\2003263\3918715.csv 
2022/11/09 18:40:50.050 I CsvDatasetReader                   c:\repos\dataset\2003263\3948516.csv 
2022/11/09 18:40:50.050 I CsvDatasetReader                   c:\repos\dataset\2003263\3950361.csv 
2022/11/09 18:40:50.050 I CsvDatasetReader                   c:\repos\dataset\2003263\3951651.csv 
2022/11/09 18:40:50.050 I CsvDatasetReader                   c:\repos\dataset\2003263\3988144.csv 
2022/11/09 18:40:50.050 I CsvDatasetReader                   c:\repos\dataset\2003263\4070164.csv 
2022/11/09 18:40:50.050 I CsvDatasetReader                   c:\repos\dataset\2003263\4082611.csv 
2022/11/09 18:40:50.050 I CsvDatasetReader                   c:\repos\dataset\2003263\4082614.csv 
2022/11/09 18:40:50.050 I CsvDatasetReader                   c:\repos\dataset\2003263\4150865.csv 
2022/11/09 18:40:50.050 I CsvDatasetReader                   c:\repos\dataset\2003263\4153355.csv 
2022/11/09 18:40:50.050 I CsvDatasetReader                   c:\repos\dataset\2003263\4176290.csv 
2022/11/09 18:40:50.050 I CsvDatasetReader                   c:\repos\dataset\2003263\4195297.csv 
2022/11/09 18:40:50.050 I CsvDatasetReader                   c:\repos\dataset\2003263\4199035.csv 
2022/11/09 18:40:50.050 I CsvDatasetReader                   c:\repos\dataset\2003263\4200950.csv 
2022/11/09 18:40:50.050 I CsvDatasetReader                   c:\repos\dataset\2003263\4207194.csv 
2022/11/09 18:40:50.050 I CsvDatasetReader                   c:\repos\dataset\2003263\4207643.csv 
2022/11/09 18:40:50.050 I CsvDatasetReader                   c:\repos\dataset\2003263\4211454.csv 
2022/11/09 18:40:50.050 I CsvDatasetReader                   c:\repos\dataset\2003263\4236549.csv 
2022/11/09 18:40:50.050 I CsvDatasetReader                   c:\repos\dataset\2003263\4237752.csv 
2022/11/09 18:40:50.050 I CsvDatasetReader                   c:\repos\dataset\2003263\4239041.csv 
2022/11/09 18:40:50.050 I CsvDatasetReader                   c:\repos\dataset\2003263\4239191.csv 
2022/11/09 18:40:50.050 I CsvDatasetReader                   c:\repos\dataset\2003263\4251059.csv 
2022/11/09 18:40:50.050 I CsvDatasetReader                   c:\repos\dataset\2003263\4261388.csv 
2022/11/09 18:40:50.050 I CsvDatasetReader                   c:\repos\dataset\2003263\4271825.csv 
2022/11/09 18:40:50.050 I CsvDatasetReader                   c:\repos\dataset\2003263\4272908.csv 
2022/11/09 18:40:50.050 I CsvDatasetReader                   c:\repos\dataset\2003263\4287140.csv 
2022/11/09 18:40:50.050 I CsvDatasetReader                   c:\repos\dataset\2003263\4302689.csv 
2022/11/09 18:40:50.050 I CsvDatasetReader                   c:\repos\dataset\2003263\4305090.csv 
2022/11/09 18:40:50.050 I CsvDatasetReader                   c:\repos\dataset\2003263\4306746.csv 
2022/11/09 18:40:50.066 I CsvDatasetReader                   c:\repos\dataset\2003263\4307713.csv 
2022/11/09 18:40:50.066 I CsvDatasetReader                   c:\repos\dataset\2003263\4307715.csv 
2022/11/09 18:40:50.066 I CsvDatasetReader                   c:\repos\dataset\2003263\4332585.csv 
2022/11/09 18:40:50.066 I CsvDatasetReader                   c:\repos\dataset\2003263\4345976.csv 
2022/11/09 18:40:50.066 I CsvDatasetReader                   c:\repos\dataset\2003263\4351269.csv 
2022/11/09 18:40:50.066 I CsvDatasetReader                   c:\repos\dataset\2003263\4366905.csv 
2022/11/09 18:40:50.066 I CsvDatasetReader                   c:\repos\dataset\2003263\4380185.csv 
2022/11/09 18:40:50.066 I CsvDatasetReader                   c:\repos\dataset\2003263\4383966.csv 
2022/11/09 18:40:50.066 I CsvDatasetReader                   c:\repos\dataset\2003263\4387254.csv 
2022/11/09 18:40:50.066 I CsvDatasetReader                   c:\repos\dataset\2003263\4391952.csv 
2022/11/09 18:40:50.066 I CsvDatasetReader                   c:\repos\dataset\2003263\4401912.csv 
2022/11/09 18:40:50.066 I CsvDatasetReader                   c:\repos\dataset\2003263\4406061.csv 
2022/11/09 18:40:50.066 I CsvDatasetReader                   c:\repos\dataset\2003263\4412495.csv 
2022/11/09 18:40:50.066 I CsvDatasetReader                   c:\repos\dataset\2003263\4412502.csv 
2022/11/09 18:40:50.066 I CsvDatasetReader                   c:\repos\dataset\2003263\4428369.csv 
2022/11/09 18:40:50.066 I CsvDatasetReader                   c:\repos\dataset\2003263\4429820.csv 
2022/11/09 18:40:50.066 I CsvDatasetReader                   c:\repos\dataset\2003263\4445322.csv 
2022/11/09 18:40:50.066 I CsvDatasetReader                   c:\repos\dataset\2003263\4448367.csv 
2022/11/09 18:40:50.066 I CsvDatasetReader                   c:\repos\dataset\2003263\4454607.csv 
2022/11/09 18:40:50.066 I CsvDatasetReader                   c:\repos\dataset\2003263\4482789.csv 
2022/11/09 18:40:50.066 I CsvDatasetReader                   c:\repos\dataset\2003263\4496535.csv 
2022/11/09 18:40:50.066 I CsvDatasetReader                   c:\repos\dataset\2003263\4507314.csv 
2022/11/09 18:40:50.066 I CsvDatasetReader                   c:\repos\dataset\2003263\4514561.csv 
2022/11/09 18:40:50.066 I CsvDatasetReader                   c:\repos\dataset\2003263\4529534.csv 
2022/11/09 18:40:50.066 I CsvDatasetReader                   c:\repos\dataset\2003263\4529621.csv 
2022/11/09 18:40:50.066 I CsvDatasetReader                   c:\repos\dataset\2003263\4536984.csv 
2022/11/09 18:40:50.066 I CsvDatasetReader                   c:\repos\dataset\2003263\4546023.csv 
2022/11/09 18:40:50.066 I CsvDatasetReader                   c:\repos\dataset\2003263\4546885.csv 
2022/11/09 18:40:50.066 I CsvDatasetReader                   c:\repos\dataset\2003263\4550472.csv 
2022/11/09 18:40:50.066 I CsvDatasetReader                   c:\repos\dataset\2003263\4568635.csv 
2022/11/09 18:40:50.066 I CsvDatasetReader                   c:\repos\dataset\2003263\4568730.csv 
2022/11/09 18:40:50.066 I CsvDatasetReader                   c:\repos\dataset\2003263\4573091.csv 
2022/11/09 18:40:50.066 I CsvDatasetReader                   c:\repos\dataset\2003263\4591974.csv 
2022/11/09 18:40:50.066 I CsvDatasetReader                   c:\repos\dataset\2003263\4598313.csv 
2022/11/09 18:40:50.066 I CsvDatasetReader                   c:\repos\dataset\2003263\4600930.csv 
2022/11/09 18:40:50.066 I CsvDatasetReader                   c:\repos\dataset\2003263\4608064.csv 
2022/11/09 18:40:50.066 I CsvDatasetReader                   c:\repos\dataset\2003263\4610453.csv 
2022/11/09 18:40:50.066 I CsvDatasetReader                   c:\repos\dataset\2003263\4612742.csv 
2022/11/09 18:40:50.066 I CsvDatasetReader                   c:\repos\dataset\2003263\4625711.csv 
2022/11/09 18:40:50.066 I CsvDatasetReader                   c:\repos\dataset\2003263\4679573.csv 
2022/11/09 18:40:50.066 I CsvDatasetReader                   c:\repos\dataset\2003263\4682181.csv 
2022/11/09 18:40:50.066 I CsvDatasetReader                   c:\repos\dataset\2003263\4689966.csv 
2022/11/09 18:40:50.066 I CsvDatasetReader                   c:\repos\dataset\2003263\4691744.csv 
2022/11/09 18:40:50.066 I CsvDatasetReader                   c:\repos\dataset\2003263\4692807.csv 
2022/11/09 18:40:50.081 I CsvDatasetReader                   c:\repos\dataset\2003263\4702938.csv 
2022/11/09 18:40:50.081 I CsvDatasetReader                   c:\repos\dataset\2003263\4703696.csv 
2022/11/09 18:40:50.081 I CsvDatasetReader                   c:\repos\dataset\2003263\4703731.csv 
2022/11/09 18:40:50.081 I CsvDatasetReader                   c:\repos\dataset\2003263\4703748.csv 
2022/11/09 18:40:50.081 I CsvDatasetReader                   c:\repos\dataset\2003263\4703767.csv 
2022/11/09 18:40:50.081 I CsvDatasetReader                   c:\repos\dataset\2003263\4703776.csv 
2022/11/09 18:40:50.081 I CsvDatasetReader                   c:\repos\dataset\2003263\4703798.csv 
2022/11/09 18:40:50.081 I CsvDatasetReader                   c:\repos\dataset\2003263\4703799.csv 
2022/11/09 18:40:50.081 I Program                        Cleaning samples... 
2022/11/09 18:40:50.081 I CsvDatasetReader               Reading single user CSV dataset at target samples... 
2022/11/09 18:40:50.081 I CsvDatasetReader                   c:\repos\dataset\2003263\2792743.csv 
2022/11/09 18:40:50.081 I CsvDatasetReader                   c:\repos\dataset\2003263\2794134.csv 
2022/11/09 18:40:50.081 I CsvDatasetReader                   c:\repos\dataset\2003263\2795865.csv 
2022/11/09 18:40:50.081 I CsvDatasetReader                   c:\repos\dataset\2003263\2813369.csv 
2022/11/09 18:40:50.081 I CsvDatasetReader                   c:\repos\dataset\2003263\2813699.csv 
2022/11/09 18:40:50.081 I CsvDatasetReader                   c:\repos\dataset\2003263\2815950.csv 
2022/11/09 18:40:50.081 I CsvDatasetReader                   c:\repos\dataset\2003263\2828214.csv 
2022/11/09 18:40:50.081 I CsvDatasetReader                   c:\repos\dataset\2003263\2837207.csv 
2022/11/09 18:40:50.081 I CsvDatasetReader                   c:\repos\dataset\2003263\2839997.csv 
2022/11/09 18:40:50.081 I CsvDatasetReader                   c:\repos\dataset\2003263\2844425.csv 
2022/11/09 18:40:50.081 I CsvDatasetReader                   c:\repos\dataset\2003263\2854946.csv 
2022/11/09 18:40:50.081 I CsvDatasetReader                   c:\repos\dataset\2003263\2857131.csv 
2022/11/09 18:40:50.081 I CsvDatasetReader                   c:\repos\dataset\2003263\2866466.csv 
2022/11/09 18:40:50.096 I CsvDatasetReader                   c:\repos\dataset\2003263\2887524.csv 
2022/11/09 18:40:50.096 I CsvDatasetReader                   c:\repos\dataset\2003263\2892939.csv 
2022/11/09 18:40:50.096 I CsvDatasetReader                   c:\repos\dataset\2003263\2894958.csv 
2022/11/09 18:40:50.096 I CsvDatasetReader                   c:\repos\dataset\2003263\2896408.csv 
2022/11/09 18:40:50.096 I CsvDatasetReader                   c:\repos\dataset\2003263\2896628.csv 
2022/11/09 18:40:50.096 I CsvDatasetReader                   c:\repos\dataset\2003263\2901327.csv 
2022/11/09 18:40:50.096 I CsvDatasetReader                   c:\repos\dataset\2003263\2908447.csv 
2022/11/09 18:40:50.096 I CsvDatasetReader                   c:\repos\dataset\2003263\2911162.csv 
2022/11/09 18:40:50.096 I CsvDatasetReader                   c:\repos\dataset\2003263\2927664.csv 
2022/11/09 18:40:50.096 I CsvDatasetReader                   c:\repos\dataset\2003263\2956330.csv 
2022/11/09 18:40:50.096 I CsvDatasetReader                   c:\repos\dataset\2003263\2956331.csv 
2022/11/09 18:40:50.096 I CsvDatasetReader                   c:\repos\dataset\2003263\2959832.csv 
2022/11/09 18:40:50.096 I CsvDatasetReader                   c:\repos\dataset\2003263\2967057.csv 
2022/11/09 18:40:50.096 I CsvDatasetReader                   c:\repos\dataset\2003263\2969272.csv 
2022/11/09 18:40:50.096 I CsvDatasetReader                   c:\repos\dataset\2003263\2975426.csv 
2022/11/09 18:40:50.096 I CsvDatasetReader                   c:\repos\dataset\2003263\2981988.csv 
2022/11/09 18:40:50.096 I CsvDatasetReader                   c:\repos\dataset\2003263\2986944.csv 
2022/11/09 18:40:50.096 I CsvDatasetReader                   c:\repos\dataset\2003263\2996534.csv 
2022/11/09 18:40:50.096 I CsvDatasetReader                   c:\repos\dataset\2003263\2997056.csv 
2022/11/09 18:40:50.096 I CsvDatasetReader                   c:\repos\dataset\2003263\2997461.csv 
2022/11/09 18:40:50.096 I CsvDatasetReader                   c:\repos\dataset\2003263\3021531.csv 
2022/11/09 18:40:50.096 I CsvDatasetReader                   c:\repos\dataset\2003263\3031836.csv 
2022/11/09 18:40:50.096 I CsvDatasetReader                   c:\repos\dataset\2003263\3049544.csv 
2022/11/09 18:40:50.096 I CsvDatasetReader                   c:\repos\dataset\2003263\3049549.csv 
2022/11/09 18:40:50.096 I CsvDatasetReader                   c:\repos\dataset\2003263\3052104.csv 
2022/11/09 18:40:50.096 I CsvDatasetReader                   c:\repos\dataset\2003263\3057005.csv 
2022/11/09 18:40:50.096 I CsvDatasetReader                   c:\repos\dataset\2003263\3062744.csv 
2022/11/09 18:40:50.096 I CsvDatasetReader                   c:\repos\dataset\2003263\3064408.csv 
2022/11/09 18:40:50.096 I CsvDatasetReader                   c:\repos\dataset\2003263\3074074.csv 
2022/11/09 18:40:50.096 I CsvDatasetReader                   c:\repos\dataset\2003263\3074079.csv 
2022/11/09 18:40:50.096 I CsvDatasetReader                   c:\repos\dataset\2003263\3084622.csv 
2022/11/09 18:40:50.096 I CsvDatasetReader                   c:\repos\dataset\2003263\3111162.csv 
2022/11/09 18:40:50.096 I CsvDatasetReader                   c:\repos\dataset\2003263\3111237.csv 
2022/11/09 18:40:50.096 I CsvDatasetReader                   c:\repos\dataset\2003263\3115643.csv 
2022/11/09 18:40:50.096 I CsvDatasetReader                   c:\repos\dataset\2003263\3136582.csv 
2022/11/09 18:40:50.096 I CsvDatasetReader                   c:\repos\dataset\2003263\3138955.csv 
2022/11/09 18:40:50.096 I CsvDatasetReader                   c:\repos\dataset\2003263\3139559.csv 
2022/11/09 18:40:50.096 I CsvDatasetReader                   c:\repos\dataset\2003263\3147678.csv 
2022/11/09 18:40:50.096 I CsvDatasetReader                   c:\repos\dataset\2003263\3147715.csv 
2022/11/09 18:40:50.096 I CsvDatasetReader                   c:\repos\dataset\2003263\3170651.csv 
2022/11/09 18:40:50.096 I CsvDatasetReader                   c:\repos\dataset\2003263\3181539.csv 
2022/11/09 18:40:50.096 I CsvDatasetReader                   c:\repos\dataset\2003263\3195267.csv 
2022/11/09 18:40:50.096 I CsvDatasetReader                   c:\repos\dataset\2003263\3204441.csv 
2022/11/09 18:40:50.096 I CsvDatasetReader                   c:\repos\dataset\2003263\3214605.csv 
2022/11/09 18:40:50.096 I CsvDatasetReader                   c:\repos\dataset\2003263\3214608.csv 
2022/11/09 18:40:50.096 I CsvDatasetReader                   c:\repos\dataset\2003263\3215651.csv 
2022/11/09 18:40:50.112 I CsvDatasetReader                   c:\repos\dataset\2003263\3223826.csv 
2022/11/09 18:40:50.112 I CsvDatasetReader                   c:\repos\dataset\2003263\3224654.csv 
2022/11/09 18:40:50.112 I CsvDatasetReader                   c:\repos\dataset\2003263\3226287.csv 
2022/11/09 18:40:50.112 I CsvDatasetReader                   c:\repos\dataset\2003263\3235010.csv 
2022/11/09 18:40:50.112 I CsvDatasetReader                   c:\repos\dataset\2003263\3254403.csv 
2022/11/09 18:40:50.112 I CsvDatasetReader                   c:\repos\dataset\2003263\3264087.csv 
2022/11/09 18:40:50.112 I CsvDatasetReader                   c:\repos\dataset\2003263\3266002.csv 
2022/11/09 18:40:50.112 I CsvDatasetReader                   c:\repos\dataset\2003263\3271684.csv 
2022/11/09 18:40:50.112 I CsvDatasetReader                   c:\repos\dataset\2003263\3277710.csv 
2022/11/09 18:40:50.112 I CsvDatasetReader                   c:\repos\dataset\2003263\3278365.csv 
2022/11/09 18:40:50.112 I CsvDatasetReader                   c:\repos\dataset\2003263\3279558.csv 
2022/11/09 18:40:50.112 I CsvDatasetReader                   c:\repos\dataset\2003263\3279578.csv 
2022/11/09 18:40:50.112 I CsvDatasetReader                   c:\repos\dataset\2003263\3279580.csv 
2022/11/09 18:40:50.112 I CsvDatasetReader                   c:\repos\dataset\2003263\3280708.csv 
2022/11/09 18:40:50.112 I CsvDatasetReader                   c:\repos\dataset\2003263\3287231.csv 
2022/11/09 18:40:50.112 I CsvDatasetReader                   c:\repos\dataset\2003263\3293472.csv 
2022/11/09 18:40:50.112 I CsvDatasetReader                   c:\repos\dataset\2003263\3294390.csv 
2022/11/09 18:40:50.112 I CsvDatasetReader                   c:\repos\dataset\2003263\3294460.csv 
2022/11/09 18:40:50.112 I CsvDatasetReader                   c:\repos\dataset\2003263\3303631.csv 
2022/11/09 18:40:50.112 I CsvDatasetReader                   c:\repos\dataset\2003263\3312762.csv 
2022/11/09 18:40:50.112 I CsvDatasetReader                   c:\repos\dataset\2003263\3317281.csv 
2022/11/09 18:40:50.112 I CsvDatasetReader                   c:\repos\dataset\2003263\3318450.csv 
2022/11/09 18:40:50.112 I CsvDatasetReader                   c:\repos\dataset\2003263\3321080.csv 
2022/11/09 18:40:50.112 I CsvDatasetReader                   c:\repos\dataset\2003263\3324444.csv 
2022/11/09 18:40:50.112 I CsvDatasetReader                   c:\repos\dataset\2003263\3324447.csv 
2022/11/09 18:40:50.112 I CsvDatasetReader                   c:\repos\dataset\2003263\3328612.csv 
2022/11/09 18:40:50.112 I CsvDatasetReader                   c:\repos\dataset\2003263\3334503.csv 
2022/11/09 18:40:50.112 I CsvDatasetReader                   c:\repos\dataset\2003263\3339395.csv 
2022/11/09 18:40:50.112 I CsvDatasetReader                   c:\repos\dataset\2003263\3343323.csv 
2022/11/09 18:40:50.112 I CsvDatasetReader                   c:\repos\dataset\2003263\3343556.csv 
2022/11/09 18:40:50.112 I CsvDatasetReader                   c:\repos\dataset\2003263\3347294.csv 
2022/11/09 18:40:50.112 I CsvDatasetReader                   c:\repos\dataset\2003263\3354000.csv 
2022/11/09 18:40:50.112 I CsvDatasetReader                   c:\repos\dataset\2003263\3358972.csv 
2022/11/09 18:40:50.112 I CsvDatasetReader                   c:\repos\dataset\2003263\3365010.csv 
2022/11/09 18:40:50.112 I CsvDatasetReader                   c:\repos\dataset\2003263\3370785.csv 
2022/11/09 18:40:50.112 I CsvDatasetReader                   c:\repos\dataset\2003263\3381148.csv 
2022/11/09 18:40:50.112 I CsvDatasetReader                   c:\repos\dataset\2003263\3381407.csv 
2022/11/09 18:40:50.112 I CsvDatasetReader                   c:\repos\dataset\2003263\3384765.csv 
2022/11/09 18:40:50.112 I CsvDatasetReader                   c:\repos\dataset\2003263\3384844.csv 
2022/11/09 18:40:50.127 I CsvDatasetReader                   c:\repos\dataset\2003263\3391073.csv 
2022/11/09 18:40:50.127 I CsvDatasetReader                   c:\repos\dataset\2003263\3391075.csv 
2022/11/09 18:40:50.127 I CsvDatasetReader                   c:\repos\dataset\2003263\3393249.csv 
2022/11/09 18:40:50.127 I CsvDatasetReader                   c:\repos\dataset\2003263\3395484.csv 
2022/11/09 18:40:50.127 I CsvDatasetReader                   c:\repos\dataset\2003263\3395486.csv 
2022/11/09 18:40:50.127 I CsvDatasetReader                   c:\repos\dataset\2003263\3412633.csv 
2022/11/09 18:40:50.127 I CsvDatasetReader                   c:\repos\dataset\2003263\3415780.csv 
2022/11/09 18:40:50.127 I CsvDatasetReader                   c:\repos\dataset\2003263\3418733.csv 
2022/11/09 18:40:50.127 I CsvDatasetReader                   c:\repos\dataset\2003263\3440934.csv 
2022/11/09 18:40:50.127 I CsvDatasetReader                   c:\repos\dataset\2003263\3441923.csv 
2022/11/09 18:40:50.127 I CsvDatasetReader                   c:\repos\dataset\2003263\3442079.csv 
2022/11/09 18:40:50.127 I CsvDatasetReader                   c:\repos\dataset\2003263\3450545.csv 
2022/11/09 18:40:50.127 I CsvDatasetReader                   c:\repos\dataset\2003263\3459138.csv 
2022/11/09 18:40:50.127 I CsvDatasetReader                   c:\repos\dataset\2003263\3462582.csv 
2022/11/09 18:40:50.127 I CsvDatasetReader                   c:\repos\dataset\2003263\3476214.csv 
2022/11/09 18:40:50.127 I CsvDatasetReader                   c:\repos\dataset\2003263\3485145.csv 
2022/11/09 18:40:50.127 I CsvDatasetReader                   c:\repos\dataset\2003263\3486070.csv 
2022/11/09 18:40:50.127 I CsvDatasetReader                   c:\repos\dataset\2003263\3490295.csv 
2022/11/09 18:40:50.127 I CsvDatasetReader                   c:\repos\dataset\2003263\3494853.csv 
2022/11/09 18:40:50.127 I CsvDatasetReader                   c:\repos\dataset\2003263\3503418.csv 
2022/11/09 18:40:50.127 I CsvDatasetReader                   c:\repos\dataset\2003263\3515759.csv 
2022/11/09 18:40:50.127 I CsvDatasetReader                   c:\repos\dataset\2003263\3583411.csv 
2022/11/09 18:40:50.127 I CsvDatasetReader                   c:\repos\dataset\2003263\3597313.csv 
2022/11/09 18:40:50.127 I CsvDatasetReader                   c:\repos\dataset\2003263\3613526.csv 
2022/11/09 18:40:50.127 I CsvDatasetReader                   c:\repos\dataset\2003263\3613688.csv 
2022/11/09 18:40:50.127 I CsvDatasetReader                   c:\repos\dataset\2003263\3615147.csv 
2022/11/09 18:40:50.127 I CsvDatasetReader                   c:\repos\dataset\2003263\3616329.csv 
2022/11/09 18:40:50.127 I CsvDatasetReader                   c:\repos\dataset\2003263\3633546.csv 
2022/11/09 18:40:50.127 I CsvDatasetReader                   c:\repos\dataset\2003263\3642052.csv 
2022/11/09 18:40:50.127 I CsvDatasetReader                   c:\repos\dataset\2003263\3643137.csv 
2022/11/09 18:40:50.127 I CsvDatasetReader                   c:\repos\dataset\2003263\3645296.csv 
2022/11/09 18:40:50.127 I CsvDatasetReader                   c:\repos\dataset\2003263\3646485.csv 
2022/11/09 18:40:50.127 I CsvDatasetReader                   c:\repos\dataset\2003263\3652106.csv 
2022/11/09 18:40:50.127 I CsvDatasetReader                   c:\repos\dataset\2003263\3653169.csv 
2022/11/09 18:40:50.127 I CsvDatasetReader                   c:\repos\dataset\2003263\3655778.csv 
2022/11/09 18:40:50.127 I CsvDatasetReader                   c:\repos\dataset\2003263\3661457.csv 
2022/11/09 18:40:50.127 I CsvDatasetReader                   c:\repos\dataset\2003263\3663986.csv 
2022/11/09 18:40:50.127 I CsvDatasetReader                   c:\repos\dataset\2003263\3668375.csv 
2022/11/09 18:40:50.127 I CsvDatasetReader                   c:\repos\dataset\2003263\3683706.csv 
2022/11/09 18:40:50.127 I CsvDatasetReader                   c:\repos\dataset\2003263\3696486.csv 
2022/11/09 18:40:50.127 I CsvDatasetReader                   c:\repos\dataset\2003263\3697950.csv 
2022/11/09 18:40:50.127 I CsvDatasetReader                   c:\repos\dataset\2003263\3703903.csv 
2022/11/09 18:40:50.127 I CsvDatasetReader                   c:\repos\dataset\2003263\3736199.csv 
2022/11/09 18:40:50.127 I CsvDatasetReader                   c:\repos\dataset\2003263\3739025.csv 
2022/11/09 18:40:50.127 I CsvDatasetReader                   c:\repos\dataset\2003263\3750226.csv 
2022/11/09 18:40:50.127 I CsvDatasetReader                   c:\repos\dataset\2003263\3750281.csv 
2022/11/09 18:40:50.143 I CsvDatasetReader                   c:\repos\dataset\2003263\3750684.csv 
2022/11/09 18:40:50.143 I CsvDatasetReader                   c:\repos\dataset\2003263\3751619.csv 
2022/11/09 18:40:50.143 I CsvDatasetReader                   c:\repos\dataset\2003263\3751831.csv 
2022/11/09 18:40:50.143 I CsvDatasetReader                   c:\repos\dataset\2003263\3759854.csv 
2022/11/09 18:40:50.143 I CsvDatasetReader                   c:\repos\dataset\2003263\3766070.csv 
2022/11/09 18:40:50.143 I CsvDatasetReader                   c:\repos\dataset\2003263\3768231.csv 
2022/11/09 18:40:50.143 I CsvDatasetReader                   c:\repos\dataset\2003263\3772659.csv 
2022/11/09 18:40:50.143 I CsvDatasetReader                   c:\repos\dataset\2003263\3778342.csv 
2022/11/09 18:40:50.143 I CsvDatasetReader                   c:\repos\dataset\2003263\3788978.csv 
2022/11/09 18:40:50.143 I CsvDatasetReader                   c:\repos\dataset\2003263\3792862.csv 
2022/11/09 18:40:50.143 I CsvDatasetReader                   c:\repos\dataset\2003263\3796234.csv 
2022/11/09 18:40:50.143 I CsvDatasetReader                   c:\repos\dataset\2003263\3801024.csv 
2022/11/09 18:40:50.143 I CsvDatasetReader                   c:\repos\dataset\2003263\3802747.csv 
2022/11/09 18:40:50.143 I CsvDatasetReader                   c:\repos\dataset\2003263\3810264.csv 
2022/11/09 18:40:50.143 I CsvDatasetReader                   c:\repos\dataset\2003263\3810347.csv 
2022/11/09 18:40:50.143 I CsvDatasetReader                   c:\repos\dataset\2003263\3811109.csv 
2022/11/09 18:40:50.143 I CsvDatasetReader                   c:\repos\dataset\2003263\3811674.csv 
2022/11/09 18:40:50.143 I CsvDatasetReader                   c:\repos\dataset\2003263\3811807.csv 
2022/11/09 18:40:50.143 I CsvDatasetReader                   c:\repos\dataset\2003263\3812349.csv 
2022/11/09 18:40:50.143 I CsvDatasetReader                   c:\repos\dataset\2003263\3814481.csv 
2022/11/09 18:40:50.143 I CsvDatasetReader                   c:\repos\dataset\2003263\3817074.csv 
2022/11/09 18:40:50.143 I CsvDatasetReader                   c:\repos\dataset\2003263\3818824.csv 
2022/11/09 18:40:50.143 I CsvDatasetReader                   c:\repos\dataset\2003263\3818827.csv 
2022/11/09 18:40:50.143 I CsvDatasetReader                   c:\repos\dataset\2003263\3819291.csv 
2022/11/09 18:40:50.143 I CsvDatasetReader                   c:\repos\dataset\2003263\3826920.csv 
2022/11/09 18:40:50.143 I CsvDatasetReader                   c:\repos\dataset\2003263\3827791.csv 
2022/11/09 18:40:50.143 I CsvDatasetReader                   c:\repos\dataset\2003263\3827935.csv 
2022/11/09 18:40:50.143 I CsvDatasetReader                   c:\repos\dataset\2003263\3828300.csv 
2022/11/09 18:40:50.143 I CsvDatasetReader                   c:\repos\dataset\2003263\3828466.csv 
2022/11/09 18:40:50.143 I CsvDatasetReader                   c:\repos\dataset\2003263\3828855.csv 
2022/11/09 18:40:50.143 I CsvDatasetReader                   c:\repos\dataset\2003263\3828882.csv 
2022/11/09 18:40:50.143 I CsvDatasetReader                   c:\repos\dataset\2003263\3829713.csv 
2022/11/09 18:40:50.143 I CsvDatasetReader                   c:\repos\dataset\2003263\3829715.csv 
2022/11/09 18:40:50.143 I CsvDatasetReader                   c:\repos\dataset\2003263\3838359.csv 
2022/11/09 18:40:50.143 I CsvDatasetReader                   c:\repos\dataset\2003263\3842715.csv 
2022/11/09 18:40:50.143 I CsvDatasetReader                   c:\repos\dataset\2003263\3877145.csv 
2022/11/09 18:40:50.143 I CsvDatasetReader                   c:\repos\dataset\2003263\3877230.csv 
2022/11/09 18:40:50.143 I CsvDatasetReader                   c:\repos\dataset\2003263\3878457.csv 
2022/11/09 18:40:50.143 I CsvDatasetReader                   c:\repos\dataset\2003263\3888667.csv 
2022/11/09 18:40:50.143 I CsvDatasetReader                   c:\repos\dataset\2003263\3908614.csv 
2022/11/09 18:40:50.143 I CsvDatasetReader                   c:\repos\dataset\2003263\3918715.csv 
2022/11/09 18:40:50.143 I CsvDatasetReader                   c:\repos\dataset\2003263\3948516.csv 
2022/11/09 18:40:50.143 I CsvDatasetReader                   c:\repos\dataset\2003263\3950361.csv 
2022/11/09 18:40:50.143 I CsvDatasetReader                   c:\repos\dataset\2003263\3951651.csv 
2022/11/09 18:40:50.143 I CsvDatasetReader                   c:\repos\dataset\2003263\3988144.csv 
2022/11/09 18:40:50.159 I CsvDatasetReader                   c:\repos\dataset\2003263\4070164.csv 
2022/11/09 18:40:50.159 I CsvDatasetReader                   c:\repos\dataset\2003263\4082611.csv 
2022/11/09 18:40:50.159 I CsvDatasetReader                   c:\repos\dataset\2003263\4082614.csv 
2022/11/09 18:40:50.159 I CsvDatasetReader                   c:\repos\dataset\2003263\4150865.csv 
2022/11/09 18:40:50.159 I CsvDatasetReader                   c:\repos\dataset\2003263\4153355.csv 
2022/11/09 18:40:50.159 I CsvDatasetReader                   c:\repos\dataset\2003263\4176290.csv 
2022/11/09 18:40:50.159 I CsvDatasetReader                   c:\repos\dataset\2003263\4195297.csv 
2022/11/09 18:40:50.159 I CsvDatasetReader                   c:\repos\dataset\2003263\4199035.csv 
2022/11/09 18:40:50.159 I CsvDatasetReader                   c:\repos\dataset\2003263\4200950.csv 
2022/11/09 18:40:50.159 I CsvDatasetReader                   c:\repos\dataset\2003263\4207194.csv 
2022/11/09 18:40:50.159 I CsvDatasetReader                   c:\repos\dataset\2003263\4207643.csv 
2022/11/09 18:40:50.159 I CsvDatasetReader                   c:\repos\dataset\2003263\4211454.csv 
2022/11/09 18:40:50.159 I CsvDatasetReader                   c:\repos\dataset\2003263\4236549.csv 
2022/11/09 18:40:50.159 I CsvDatasetReader                   c:\repos\dataset\2003263\4237752.csv 
2022/11/09 18:40:50.159 I CsvDatasetReader                   c:\repos\dataset\2003263\4239041.csv 
2022/11/09 18:40:50.159 I CsvDatasetReader                   c:\repos\dataset\2003263\4239191.csv 
2022/11/09 18:40:50.159 I CsvDatasetReader                   c:\repos\dataset\2003263\4251059.csv 
2022/11/09 18:40:50.159 I CsvDatasetReader                   c:\repos\dataset\2003263\4261388.csv 
2022/11/09 18:40:50.159 I CsvDatasetReader                   c:\repos\dataset\2003263\4271825.csv 
2022/11/09 18:40:50.159 I CsvDatasetReader                   c:\repos\dataset\2003263\4272908.csv 
2022/11/09 18:40:50.159 I CsvDatasetReader                   c:\repos\dataset\2003263\4287140.csv 
2022/11/09 18:40:50.159 I CsvDatasetReader                   c:\repos\dataset\2003263\4302689.csv 
2022/11/09 18:40:50.159 I CsvDatasetReader                   c:\repos\dataset\2003263\4305090.csv 
2022/11/09 18:40:50.159 I CsvDatasetReader                   c:\repos\dataset\2003263\4306746.csv 
2022/11/09 18:40:50.159 I CsvDatasetReader                   c:\repos\dataset\2003263\4307713.csv 
2022/11/09 18:40:50.159 I CsvDatasetReader                   c:\repos\dataset\2003263\4307715.csv 
2022/11/09 18:40:50.159 I CsvDatasetReader                   c:\repos\dataset\2003263\4332585.csv 
2022/11/09 18:40:50.159 I CsvDatasetReader                   c:\repos\dataset\2003263\4345976.csv 
2022/11/09 18:40:50.159 I CsvDatasetReader                   c:\repos\dataset\2003263\4351269.csv 
2022/11/09 18:40:50.159 I CsvDatasetReader                   c:\repos\dataset\2003263\4366905.csv 
2022/11/09 18:40:50.159 I CsvDatasetReader                   c:\repos\dataset\2003263\4380185.csv 
2022/11/09 18:40:50.159 I CsvDatasetReader                   c:\repos\dataset\2003263\4383966.csv 
2022/11/09 18:40:50.159 I CsvDatasetReader                   c:\repos\dataset\2003263\4387254.csv 
2022/11/09 18:40:50.159 I CsvDatasetReader                   c:\repos\dataset\2003263\4391952.csv 
2022/11/09 18:40:50.159 I CsvDatasetReader                   c:\repos\dataset\2003263\4401912.csv 
2022/11/09 18:40:50.159 I CsvDatasetReader                   c:\repos\dataset\2003263\4406061.csv 
2022/11/09 18:40:50.159 I CsvDatasetReader                   c:\repos\dataset\2003263\4412495.csv 
2022/11/09 18:40:50.159 I CsvDatasetReader                   c:\repos\dataset\2003263\4412502.csv 
2022/11/09 18:40:50.159 I CsvDatasetReader                   c:\repos\dataset\2003263\4428369.csv 
2022/11/09 18:40:50.159 I CsvDatasetReader                   c:\repos\dataset\2003263\4429820.csv 
2022/11/09 18:40:50.159 I CsvDatasetReader                   c:\repos\dataset\2003263\4445322.csv 
2022/11/09 18:40:50.159 I CsvDatasetReader                   c:\repos\dataset\2003263\4448367.csv 
2022/11/09 18:40:50.159 I CsvDatasetReader                   c:\repos\dataset\2003263\4454607.csv 
2022/11/09 18:40:50.159 I CsvDatasetReader                   c:\repos\dataset\2003263\4482789.csv 
2022/11/09 18:40:50.159 I CsvDatasetReader                   c:\repos\dataset\2003263\4496535.csv 
2022/11/09 18:40:50.159 I CsvDatasetReader                   c:\repos\dataset\2003263\4507314.csv 
2022/11/09 18:40:50.159 I CsvDatasetReader                   c:\repos\dataset\2003263\4514561.csv 
2022/11/09 18:40:50.174 I CsvDatasetReader                   c:\repos\dataset\2003263\4529534.csv 
2022/11/09 18:40:50.174 I CsvDatasetReader                   c:\repos\dataset\2003263\4529621.csv 
2022/11/09 18:40:50.174 I CsvDatasetReader                   c:\repos\dataset\2003263\4536984.csv 
2022/11/09 18:40:50.174 I CsvDatasetReader                   c:\repos\dataset\2003263\4546023.csv 
2022/11/09 18:40:50.174 I CsvDatasetReader                   c:\repos\dataset\2003263\4546885.csv 
2022/11/09 18:40:50.174 I CsvDatasetReader                   c:\repos\dataset\2003263\4550472.csv 
2022/11/09 18:40:50.174 I CsvDatasetReader                   c:\repos\dataset\2003263\4568635.csv 
2022/11/09 18:40:50.174 I CsvDatasetReader                   c:\repos\dataset\2003263\4568730.csv 
2022/11/09 18:40:50.174 I CsvDatasetReader                   c:\repos\dataset\2003263\4573091.csv 
2022/11/09 18:40:50.174 I CsvDatasetReader                   c:\repos\dataset\2003263\4591974.csv 
2022/11/09 18:40:50.174 I CsvDatasetReader                   c:\repos\dataset\2003263\4598313.csv 
2022/11/09 18:40:50.174 I CsvDatasetReader                   c:\repos\dataset\2003263\4600930.csv 
2022/11/09 18:40:50.174 I CsvDatasetReader                   c:\repos\dataset\2003263\4608064.csv 
2022/11/09 18:40:50.174 I CsvDatasetReader                   c:\repos\dataset\2003263\4610453.csv 
2022/11/09 18:40:50.174 I CsvDatasetReader                   c:\repos\dataset\2003263\4612742.csv 
2022/11/09 18:40:50.174 I CsvDatasetReader                   c:\repos\dataset\2003263\4625711.csv 
2022/11/09 18:40:50.174 I CsvDatasetReader                   c:\repos\dataset\2003263\4679573.csv 
2022/11/09 18:40:50.174 I CsvDatasetReader                   c:\repos\dataset\2003263\4682181.csv 
2022/11/09 18:40:50.174 I CsvDatasetReader                   c:\repos\dataset\2003263\4689966.csv 
2022/11/09 18:40:50.174 I CsvDatasetReader                   c:\repos\dataset\2003263\4691744.csv 
2022/11/09 18:40:50.174 I CsvDatasetReader                   c:\repos\dataset\2003263\4692807.csv 
2022/11/09 18:40:50.174 I CsvDatasetReader                   c:\repos\dataset\2003263\4702938.csv 
2022/11/09 18:40:50.174 I CsvDatasetReader                   c:\repos\dataset\2003263\4703696.csv 
2022/11/09 18:40:50.174 I CsvDatasetReader                   c:\repos\dataset\2003263\4703731.csv 
2022/11/09 18:40:50.174 I CsvDatasetReader                   c:\repos\dataset\2003263\4703748.csv 
2022/11/09 18:40:50.174 I CsvDatasetReader                   c:\repos\dataset\2003263\4703767.csv 
2022/11/09 18:40:50.174 I CsvDatasetReader                   c:\repos\dataset\2003263\4703776.csv 
2022/11/09 18:40:50.174 I CsvDatasetReader                   c:\repos\dataset\2003263\4703798.csv 
2022/11/09 18:40:50.174 I CsvDatasetReader                   c:\repos\dataset\2003263\4703799.csv 
2022/11/09 18:40:50.174 I Program                        Cleaning samples... 
2022/11/09 18:40:50.174 E Program                        System.Configuration.ConfigurationErrorsException: An error occurred creating the configuration section handler for finiteContextsExperiment: Could not load file or assembly 'KSDSLD' or one of its dependencies. The system cannot find the file specified. (C:\repos\softwareimpacts\KSD-SLD\bin\Debug\KSD-SLD.exe.Config line 12) ---> System.IO.FileNotFoundException: Could not load file or assembly 'KSDSLD' or one of its dependencies. The system cannot find the file specified.
   at System.Configuration.TypeUtil.GetTypeWithReflectionPermission(IInternalConfigHost host, String typeString, Boolean throwOnError)
   at System.Configuration.RuntimeConfigurationRecord.RuntimeConfigurationFactory.Init(RuntimeConfigurationRecord configRecord, FactoryRecord factoryRecord)
   at System.Configuration.RuntimeConfigurationRecord.RuntimeConfigurationFactory.InitWithRestrictedPermissions(RuntimeConfigurationRecord configRecord, FactoryRecord factoryRecord)
   at System.Configuration.RuntimeConfigurationRecord.CreateSectionFactory(FactoryRecord factoryRecord)
   at System.Configuration.BaseConfigurationRecord.FindAndEnsureFactoryRecord(String configKey, Boolean& isRootDeclaredHere)
   --- End of inner exception stack trace ---
   at System.Configuration.BaseConfigurationRecord.FindAndEnsureFactoryRecord(String configKey, Boolean& isRootDeclaredHere)
   at System.Configuration.BaseConfigurationRecord.GetSectionRecursive(String configKey, Boolean getLkg, Boolean checkPermission, Boolean getRuntimeObject, Boolean requestIsHere, Object& result, Object& resultRuntimeObject)
   at System.Configuration.BaseConfigurationRecord.GetSection(String configKey)
   at System.Configuration.ConfigurationManager.GetSection(String sectionName)
   at KSDSLD.FiniteContexts.Util.FiniteContextsHelper.InitializeParameters(String finite_contexts_section_name) in C:\repos\softwareimpacts\KSD-SLD\FiniteContexts\Util\FiniteContextsHelper.cs:line 31
   at KSDSLD.Program.Verify(Dataset user_samples, Dataset target_samples) in C:\repos\softwareimpacts\KSD-SLD\Program.cs:line 148
   at KSDSLD.Program.Run(String[] args) in C:\repos\softwareimpacts\KSD-SLD\Program.cs:line 228
   at KSDSLD.Program.Main(String[] args) in C:\repos\softwareimpacts\KSD-SLD\Program.cs:line 238 System.Configuration.ConfigurationErrorsException: An error occurred creating the configuration section handler for finiteContextsExperiment: Could not load file or assembly 'KSDSLD' or one of its dependencies. The system cannot find the file specified. (C:\repos\softwareimpacts\KSD-SLD\bin\Debug\KSD-SLD.exe.Config line 12) ---> System.IO.FileNotFoundException: Could not load file or assembly 'KSDSLD' or one of its dependencies. The system cannot find the file specified.
   at System.Configuration.TypeUtil.GetTypeWithReflectionPermission(IInternalConfigHost host, String typeString, Boolean throwOnError)
   at System.Configuration.RuntimeConfigurationRecord.RuntimeConfigurationFactory.Init(RuntimeConfigurationRecord configRecord, FactoryRecord factoryRecord)
   at System.Configuration.RuntimeConfigurationRecord.RuntimeConfigurationFactory.InitWithRestrictedPermissions(RuntimeConfigurationRecord configRecord, FactoryRecord factoryRecord)
   at System.Configuration.RuntimeConfigurationRecord.CreateSectionFactory(FactoryRecord factoryRecord)
   at System.Configuration.BaseConfigurationRecord.FindAndEnsureFactoryRecord(String configKey, Boolean& isRootDeclaredHere)
   --- End of inner exception stack trace ---
   at System.Configuration.BaseConfigurationRecord.FindAndEnsureFactoryRecord(String configKey, Boolean& isRootDeclaredHere)
   at System.Configuration.BaseConfigurationRecord.GetSectionRecursive(String configKey, Boolean getLkg, Boolean checkPermission, Boolean getRuntimeObject, Boolean requestIsHere, Object& result, Object& resultRuntimeObject)
   at System.Configuration.BaseConfigurationRecord.GetSection(String configKey)
   at System.Configuration.ConfigurationManager.GetSection(String sectionName)
   at KSDSLD.FiniteContexts.Util.FiniteContextsHelper.InitializeParameters(String finite_contexts_section_name) in C:\repos\softwareimpacts\KSD-SLD\FiniteContexts\Util\FiniteContextsHelper.cs:line 31
   at KSDSLD.Program.Verify(Dataset user_samples, Dataset target_samples) in C:\repos\softwareimpacts\KSD-SLD\Program.cs:line 148
   at KSDSLD.Program.Run(String[] args) in C:\repos\softwareimpacts\KSD-SLD\Program.cs:line 228
   at KSDSLD.Program.Main(String[] args) in C:\repos\softwareimpacts\KSD-SLD\Program.cs:line 238
