2022/11/09 18:31:31.801 E Program                        System.Configuration.ConfigurationErrorsException: An error occurred creating the configuration section handler for finiteContextsExperiment: Could not load file or assembly 'KSDSLD' or one of its dependencies. The system cannot find the file specified. (C:\repos\softwareimpacts\KSD-SLD\bin\Debug\KSD-SLD.exe.Config line 12) ---> System.IO.FileNotFoundException: Could not load file or assembly 'KSDSLD' or one of its dependencies. The system cannot find the file specified.
   at System.Configuration.TypeUtil.GetTypeWithReflectionPermission(IInternalConfigHost host, String typeString, Boolean throwOnError)
   at System.Configuration.RuntimeConfigurationRecord.RuntimeConfigurationFactory.Init(RuntimeConfigurationRecord configRecord, FactoryRecord factoryRecord)
   at System.Configuration.RuntimeConfigurationRecord.RuntimeConfigurationFactory.InitWithRestrictedPermissions(RuntimeConfigurationRecord configRecord, FactoryRecord factoryRecord)
   at System.Configuration.RuntimeConfigurationRecord.CreateSectionFactory(FactoryRecord factoryRecord)
   at System.Configuration.BaseConfigurationRecord.FindAndEnsureFactoryRecord(String configKey, Boolean& isRootDeclaredHere)
   --- End of inner exception stack trace ---
   at System.Configuration.BaseConfigurationRecord.FindAndEnsureFactoryRecord(String configKey, Boolean& isRootDeclaredHere)
   at System.Configuration.BaseConfigurationRecord.GetSectionRecursive(String configKey, Boolean getLkg, Boolean checkPermission, Boolean getRuntimeObject, Boolean requestIsHere, Object& result, Object& resultRuntimeObject)
   at System.Configuration.BaseConfigurationRecord.GetSection(String configKey)
   at System.Configuration.ConfigurationManager.GetSection(String sectionName)
   at KSDExperiments.FiniteContexts.Util.FiniteContextsHelper.InitializeParameters(String finite_contexts_section_name) in C:\repos\softwareimpacts\KSD-SLD\FiniteContexts\Util\FiniteContextsHelper.cs:line 31
   at KSDExperiments.Program.Verify(Dataset user_samples, Dataset target_samples) in C:\repos\softwareimpacts\KSD-SLD\Program.cs:line 148
   at KSDExperiments.Program.Run(String[] args) in C:\repos\softwareimpacts\KSD-SLD\Program.cs:line 228
   at KSDExperiments.Program.Main(String[] args) in C:\repos\softwareimpacts\KSD-SLD\Program.cs:line 238 System.Configuration.ConfigurationErrorsException: An error occurred creating the configuration section handler for finiteContextsExperiment: Could not load file or assembly 'KSDSLD' or one of its dependencies. The system cannot find the file specified. (C:\repos\softwareimpacts\KSD-SLD\bin\Debug\KSD-SLD.exe.Config line 12) ---> System.IO.FileNotFoundException: Could not load file or assembly 'KSDSLD' or one of its dependencies. The system cannot find the file specified.
   at System.Configuration.TypeUtil.GetTypeWithReflectionPermission(IInternalConfigHost host, String typeString, Boolean throwOnError)
   at System.Configuration.RuntimeConfigurationRecord.RuntimeConfigurationFactory.Init(RuntimeConfigurationRecord configRecord, FactoryRecord factoryRecord)
   at System.Configuration.RuntimeConfigurationRecord.RuntimeConfigurationFactory.InitWithRestrictedPermissions(RuntimeConfigurationRecord configRecord, FactoryRecord factoryRecord)
   at System.Configuration.RuntimeConfigurationRecord.CreateSectionFactory(FactoryRecord factoryRecord)
   at System.Configuration.BaseConfigurationRecord.FindAndEnsureFactoryRecord(String configKey, Boolean& isRootDeclaredHere)
   --- End of inner exception stack trace ---
   at System.Configuration.BaseConfigurationRecord.FindAndEnsureFactoryRecord(String configKey, Boolean& isRootDeclaredHere)
   at System.Configuration.BaseConfigurationRecord.GetSectionRecursive(String configKey, Boolean getLkg, Boolean checkPermission, Boolean getRuntimeObject, Boolean requestIsHere, Object& result, Object& resultRuntimeObject)
   at System.Configuration.BaseConfigurationRecord.GetSection(String configKey)
   at System.Configuration.ConfigurationManager.GetSection(String sectionName)
   at KSDExperiments.FiniteContexts.Util.FiniteContextsHelper.InitializeParameters(String finite_contexts_section_name) in C:\repos\softwareimpacts\KSD-SLD\FiniteContexts\Util\FiniteContextsHelper.cs:line 31
   at KSDExperiments.Program.Verify(Dataset user_samples, Dataset target_samples) in C:\repos\softwareimpacts\KSD-SLD\Program.cs:line 148
   at KSDExperiments.Program.Run(String[] args) in C:\repos\softwareimpacts\KSD-SLD\Program.cs:line 228
   at KSDExperiments.Program.Main(String[] args) in C:\repos\softwareimpacts\KSD-SLD\Program.cs:line 238
2022/11/09 18:40:35.721 E Program                        System.Configuration.ConfigurationErrorsException: An error occurred creating the configuration section handler for finiteContextsExperiment: Could not load file or assembly 'KSDSLD' or one of its dependencies. The system cannot find the file specified. (C:\repos\softwareimpacts\KSD-SLD\bin\Debug\KSD-SLD.exe.Config line 12) ---> System.IO.FileNotFoundException: Could not load file or assembly 'KSDSLD' or one of its dependencies. The system cannot find the file specified.
   at System.Configuration.TypeUtil.GetTypeWithReflectionPermission(IInternalConfigHost host, String typeString, Boolean throwOnError)
   at System.Configuration.RuntimeConfigurationRecord.RuntimeConfigurationFactory.Init(RuntimeConfigurationRecord configRecord, FactoryRecord factoryRecord)
   at System.Configuration.RuntimeConfigurationRecord.RuntimeConfigurationFactory.InitWithRestrictedPermissions(RuntimeConfigurationRecord configRecord, FactoryRecord factoryRecord)
   at System.Configuration.RuntimeConfigurationRecord.CreateSectionFactory(FactoryRecord factoryRecord)
   at System.Configuration.BaseConfigurationRecord.FindAndEnsureFactoryRecord(String configKey, Boolean& isRootDeclaredHere)
   --- End of inner exception stack trace ---
   at System.Configuration.BaseConfigurationRecord.FindAndEnsureFactoryRecord(String configKey, Boolean& isRootDeclaredHere)
   at System.Configuration.BaseConfigurationRecord.GetSectionRecursive(String configKey, Boolean getLkg, Boolean checkPermission, Boolean getRuntimeObject, Boolean requestIsHere, Object& result, Object& resultRuntimeObject)
   at System.Configuration.BaseConfigurationRecord.GetSection(String configKey)
   at System.Configuration.ConfigurationManager.GetSection(String sectionName)
   at KSDSLD.FiniteContexts.Util.FiniteContextsHelper.InitializeParameters(String finite_contexts_section_name) in C:\repos\softwareimpacts\KSD-SLD\FiniteContexts\Util\FiniteContextsHelper.cs:line 31
   at KSDSLD.Program.Verify(Dataset user_samples, Dataset target_samples) in C:\repos\softwareimpacts\KSD-SLD\Program.cs:line 148
   at KSDSLD.Program.Run(String[] args) in C:\repos\softwareimpacts\KSD-SLD\Program.cs:line 228
   at KSDSLD.Program.Main(String[] args) in C:\repos\softwareimpacts\KSD-SLD\Program.cs:line 238 System.Configuration.ConfigurationErrorsException: An error occurred creating the configuration section handler for finiteContextsExperiment: Could not load file or assembly 'KSDSLD' or one of its dependencies. The system cannot find the file specified. (C:\repos\softwareimpacts\KSD-SLD\bin\Debug\KSD-SLD.exe.Config line 12) ---> System.IO.FileNotFoundException: Could not load file or assembly 'KSDSLD' or one of its dependencies. The system cannot find the file specified.
   at System.Configuration.TypeUtil.GetTypeWithReflectionPermission(IInternalConfigHost host, String typeString, Boolean throwOnError)
   at System.Configuration.RuntimeConfigurationRecord.RuntimeConfigurationFactory.Init(RuntimeConfigurationRecord configRecord, FactoryRecord factoryRecord)
   at System.Configuration.RuntimeConfigurationRecord.RuntimeConfigurationFactory.InitWithRestrictedPermissions(RuntimeConfigurationRecord configRecord, FactoryRecord factoryRecord)
   at System.Configuration.RuntimeConfigurationRecord.CreateSectionFactory(FactoryRecord factoryRecord)
   at System.Configuration.BaseConfigurationRecord.FindAndEnsureFactoryRecord(String configKey, Boolean& isRootDeclaredHere)
   --- End of inner exception stack trace ---
   at System.Configuration.BaseConfigurationRecord.FindAndEnsureFactoryRecord(String configKey, Boolean& isRootDeclaredHere)
   at System.Configuration.BaseConfigurationRecord.GetSectionRecursive(String configKey, Boolean getLkg, Boolean checkPermission, Boolean getRuntimeObject, Boolean requestIsHere, Object& result, Object& resultRuntimeObject)
   at System.Configuration.BaseConfigurationRecord.GetSection(String configKey)
   at System.Configuration.ConfigurationManager.GetSection(String sectionName)
   at KSDSLD.FiniteContexts.Util.FiniteContextsHelper.InitializeParameters(String finite_contexts_section_name) in C:\repos\softwareimpacts\KSD-SLD\FiniteContexts\Util\FiniteContextsHelper.cs:line 31
   at KSDSLD.Program.Verify(Dataset user_samples, Dataset target_samples) in C:\repos\softwareimpacts\KSD-SLD\Program.cs:line 148
   at KSDSLD.Program.Run(String[] args) in C:\repos\softwareimpacts\KSD-SLD\Program.cs:line 228
   at KSDSLD.Program.Main(String[] args) in C:\repos\softwareimpacts\KSD-SLD\Program.cs:line 238
2022/11/09 18:40:50.174 E Program                        System.Configuration.ConfigurationErrorsException: An error occurred creating the configuration section handler for finiteContextsExperiment: Could not load file or assembly 'KSDSLD' or one of its dependencies. The system cannot find the file specified. (C:\repos\softwareimpacts\KSD-SLD\bin\Debug\KSD-SLD.exe.Config line 12) ---> System.IO.FileNotFoundException: Could not load file or assembly 'KSDSLD' or one of its dependencies. The system cannot find the file specified.
   at System.Configuration.TypeUtil.GetTypeWithReflectionPermission(IInternalConfigHost host, String typeString, Boolean throwOnError)
   at System.Configuration.RuntimeConfigurationRecord.RuntimeConfigurationFactory.Init(RuntimeConfigurationRecord configRecord, FactoryRecord factoryRecord)
   at System.Configuration.RuntimeConfigurationRecord.RuntimeConfigurationFactory.InitWithRestrictedPermissions(RuntimeConfigurationRecord configRecord, FactoryRecord factoryRecord)
   at System.Configuration.RuntimeConfigurationRecord.CreateSectionFactory(FactoryRecord factoryRecord)
   at System.Configuration.BaseConfigurationRecord.FindAndEnsureFactoryRecord(String configKey, Boolean& isRootDeclaredHere)
   --- End of inner exception stack trace ---
   at System.Configuration.BaseConfigurationRecord.FindAndEnsureFactoryRecord(String configKey, Boolean& isRootDeclaredHere)
   at System.Configuration.BaseConfigurationRecord.GetSectionRecursive(String configKey, Boolean getLkg, Boolean checkPermission, Boolean getRuntimeObject, Boolean requestIsHere, Object& result, Object& resultRuntimeObject)
   at System.Configuration.BaseConfigurationRecord.GetSection(String configKey)
   at System.Configuration.ConfigurationManager.GetSection(String sectionName)
   at KSDSLD.FiniteContexts.Util.FiniteContextsHelper.InitializeParameters(String finite_contexts_section_name) in C:\repos\softwareimpacts\KSD-SLD\FiniteContexts\Util\FiniteContextsHelper.cs:line 31
   at KSDSLD.Program.Verify(Dataset user_samples, Dataset target_samples) in C:\repos\softwareimpacts\KSD-SLD\Program.cs:line 148
   at KSDSLD.Program.Run(String[] args) in C:\repos\softwareimpacts\KSD-SLD\Program.cs:line 228
   at KSDSLD.Program.Main(String[] args) in C:\repos\softwareimpacts\KSD-SLD\Program.cs:line 238 System.Configuration.ConfigurationErrorsException: An error occurred creating the configuration section handler for finiteContextsExperiment: Could not load file or assembly 'KSDSLD' or one of its dependencies. The system cannot find the file specified. (C:\repos\softwareimpacts\KSD-SLD\bin\Debug\KSD-SLD.exe.Config line 12) ---> System.IO.FileNotFoundException: Could not load file or assembly 'KSDSLD' or one of its dependencies. The system cannot find the file specified.
   at System.Configuration.TypeUtil.GetTypeWithReflectionPermission(IInternalConfigHost host, String typeString, Boolean throwOnError)
   at System.Configuration.RuntimeConfigurationRecord.RuntimeConfigurationFactory.Init(RuntimeConfigurationRecord configRecord, FactoryRecord factoryRecord)
   at System.Configuration.RuntimeConfigurationRecord.RuntimeConfigurationFactory.InitWithRestrictedPermissions(RuntimeConfigurationRecord configRecord, FactoryRecord factoryRecord)
   at System.Configuration.RuntimeConfigurationRecord.CreateSectionFactory(FactoryRecord factoryRecord)
   at System.Configuration.BaseConfigurationRecord.FindAndEnsureFactoryRecord(String configKey, Boolean& isRootDeclaredHere)
   --- End of inner exception stack trace ---
   at System.Configuration.BaseConfigurationRecord.FindAndEnsureFactoryRecord(String configKey, Boolean& isRootDeclaredHere)
   at System.Configuration.BaseConfigurationRecord.GetSectionRecursive(String configKey, Boolean getLkg, Boolean checkPermission, Boolean getRuntimeObject, Boolean requestIsHere, Object& result, Object& resultRuntimeObject)
   at System.Configuration.BaseConfigurationRecord.GetSection(String configKey)
   at System.Configuration.ConfigurationManager.GetSection(String sectionName)
   at KSDSLD.FiniteContexts.Util.FiniteContextsHelper.InitializeParameters(String finite_contexts_section_name) in C:\repos\softwareimpacts\KSD-SLD\FiniteContexts\Util\FiniteContextsHelper.cs:line 31
   at KSDSLD.Program.Verify(Dataset user_samples, Dataset target_samples) in C:\repos\softwareimpacts\KSD-SLD\Program.cs:line 148
   at KSDSLD.Program.Run(String[] args) in C:\repos\softwareimpacts\KSD-SLD\Program.cs:line 228
   at KSDSLD.Program.Main(String[] args) in C:\repos\softwareimpacts\KSD-SLD\Program.cs:line 238
2022/11/09 18:41:20.458 E Program                        System.Configuration.ConfigurationErrorsException: An error occurred creating the configuration section handler for finiteContextsExperiment: Could not load file or assembly 'KSDSLD' or one of its dependencies. The system cannot find the file specified. (C:\repos\softwareimpacts\KSD-SLD\bin\Debug\KSD-SLD.exe.Config line 12) ---> System.IO.FileNotFoundException: Could not load file or assembly 'KSDSLD' or one of its dependencies. The system cannot find the file specified.
   at System.Configuration.TypeUtil.GetTypeWithReflectionPermission(IInternalConfigHost host, String typeString, Boolean throwOnError)
   at System.Configuration.RuntimeConfigurationRecord.RuntimeConfigurationFactory.Init(RuntimeConfigurationRecord configRecord, FactoryRecord factoryRecord)
   at System.Configuration.RuntimeConfigurationRecord.RuntimeConfigurationFactory.InitWithRestrictedPermissions(RuntimeConfigurationRecord configRecord, FactoryRecord factoryRecord)
   at System.Configuration.RuntimeConfigurationRecord.CreateSectionFactory(FactoryRecord factoryRecord)
   at System.Configuration.BaseConfigurationRecord.FindAndEnsureFactoryRecord(String configKey, Boolean& isRootDeclaredHere)
   --- End of inner exception stack trace ---
   at System.Configuration.BaseConfigurationRecord.FindAndEnsureFactoryRecord(String configKey, Boolean& isRootDeclaredHere)
   at System.Configuration.BaseConfigurationRecord.GetSectionRecursive(String configKey, Boolean getLkg, Boolean checkPermission, Boolean getRuntimeObject, Boolean requestIsHere, Object& result, Object& resultRuntimeObject)
   at System.Configuration.BaseConfigurationRecord.GetSection(String configKey)
   at System.Configuration.ConfigurationManager.GetSection(String sectionName)
   at KSDSLD.FiniteContexts.Util.FiniteContextsHelper.InitializeParameters(String finite_contexts_section_name) in C:\repos\softwareimpacts\KSD-SLD\FiniteContexts\Util\FiniteContextsHelper.cs:line 31
   at KSDSLD.Program.Verify(Dataset user_samples, Dataset target_samples) in C:\repos\softwareimpacts\KSD-SLD\Program.cs:line 148
   at KSDSLD.Program.Run(String[] args) in C:\repos\softwareimpacts\KSD-SLD\Program.cs:line 228
   at KSDSLD.Program.Main(String[] args) in C:\repos\softwareimpacts\KSD-SLD\Program.cs:line 238 System.Configuration.ConfigurationErrorsException: An error occurred creating the configuration section handler for finiteContextsExperiment: Could not load file or assembly 'KSDSLD' or one of its dependencies. The system cannot find the file specified. (C:\repos\softwareimpacts\KSD-SLD\bin\Debug\KSD-SLD.exe.Config line 12) ---> System.IO.FileNotFoundException: Could not load file or assembly 'KSDSLD' or one of its dependencies. The system cannot find the file specified.
   at System.Configuration.TypeUtil.GetTypeWithReflectionPermission(IInternalConfigHost host, String typeString, Boolean throwOnError)
   at System.Configuration.RuntimeConfigurationRecord.RuntimeConfigurationFactory.Init(RuntimeConfigurationRecord configRecord, FactoryRecord factoryRecord)
   at System.Configuration.RuntimeConfigurationRecord.RuntimeConfigurationFactory.InitWithRestrictedPermissions(RuntimeConfigurationRecord configRecord, FactoryRecord factoryRecord)
   at System.Configuration.RuntimeConfigurationRecord.CreateSectionFactory(FactoryRecord factoryRecord)
   at System.Configuration.BaseConfigurationRecord.FindAndEnsureFactoryRecord(String configKey, Boolean& isRootDeclaredHere)
   --- End of inner exception stack trace ---
   at System.Configuration.BaseConfigurationRecord.FindAndEnsureFactoryRecord(String configKey, Boolean& isRootDeclaredHere)
   at System.Configuration.BaseConfigurationRecord.GetSectionRecursive(String configKey, Boolean getLkg, Boolean checkPermission, Boolean getRuntimeObject, Boolean requestIsHere, Object& result, Object& resultRuntimeObject)
   at System.Configuration.BaseConfigurationRecord.GetSection(String configKey)
   at System.Configuration.ConfigurationManager.GetSection(String sectionName)
   at KSDSLD.FiniteContexts.Util.FiniteContextsHelper.InitializeParameters(String finite_contexts_section_name) in C:\repos\softwareimpacts\KSD-SLD\FiniteContexts\Util\FiniteContextsHelper.cs:line 31
   at KSDSLD.Program.Verify(Dataset user_samples, Dataset target_samples) in C:\repos\softwareimpacts\KSD-SLD\Program.cs:line 148
   at KSDSLD.Program.Run(String[] args) in C:\repos\softwareimpacts\KSD-SLD\Program.cs:line 228
   at KSDSLD.Program.Main(String[] args) in C:\repos\softwareimpacts\KSD-SLD\Program.cs:line 238
2022/11/09 18:41:27.516 E Program                        System.Configuration.ConfigurationErrorsException: An error occurred creating the configuration section handler for finiteContextsExperiment: Could not load file or assembly 'KSDSLD' or one of its dependencies. The system cannot find the file specified. (C:\repos\softwareimpacts\KSD-SLD\bin\Debug\KSD-SLD.exe.Config line 12) ---> System.IO.FileNotFoundException: Could not load file or assembly 'KSDSLD' or one of its dependencies. The system cannot find the file specified.
   at System.Configuration.TypeUtil.GetTypeWithReflectionPermission(IInternalConfigHost host, String typeString, Boolean throwOnError)
   at System.Configuration.RuntimeConfigurationRecord.RuntimeConfigurationFactory.Init(RuntimeConfigurationRecord configRecord, FactoryRecord factoryRecord)
   at System.Configuration.RuntimeConfigurationRecord.RuntimeConfigurationFactory.InitWithRestrictedPermissions(RuntimeConfigurationRecord configRecord, FactoryRecord factoryRecord)
   at System.Configuration.RuntimeConfigurationRecord.CreateSectionFactory(FactoryRecord factoryRecord)
   at System.Configuration.BaseConfigurationRecord.FindAndEnsureFactoryRecord(String configKey, Boolean& isRootDeclaredHere)
   --- End of inner exception stack trace ---
   at System.Configuration.BaseConfigurationRecord.FindAndEnsureFactoryRecord(String configKey, Boolean& isRootDeclaredHere)
   at System.Configuration.BaseConfigurationRecord.GetSectionRecursive(String configKey, Boolean getLkg, Boolean checkPermission, Boolean getRuntimeObject, Boolean requestIsHere, Object& result, Object& resultRuntimeObject)
   at System.Configuration.BaseConfigurationRecord.GetSection(String configKey)
   at System.Configuration.ConfigurationManager.GetSection(String sectionName)
   at KSDSLD.FiniteContexts.Util.FiniteContextsHelper.InitializeParameters(String finite_contexts_section_name) in C:\repos\softwareimpacts\KSD-SLD\FiniteContexts\Util\FiniteContextsHelper.cs:line 31
   at KSDSLD.Program.Verify(Dataset user_samples, Dataset target_samples) in C:\repos\softwareimpacts\KSD-SLD\Program.cs:line 148
   at KSDSLD.Program.Run(String[] args) in C:\repos\softwareimpacts\KSD-SLD\Program.cs:line 228
   at KSDSLD.Program.Main(String[] args) in C:\repos\softwareimpacts\KSD-SLD\Program.cs:line 238 System.Configuration.ConfigurationErrorsException: An error occurred creating the configuration section handler for finiteContextsExperiment: Could not load file or assembly 'KSDSLD' or one of its dependencies. The system cannot find the file specified. (C:\repos\softwareimpacts\KSD-SLD\bin\Debug\KSD-SLD.exe.Config line 12) ---> System.IO.FileNotFoundException: Could not load file or assembly 'KSDSLD' or one of its dependencies. The system cannot find the file specified.
   at System.Configuration.TypeUtil.GetTypeWithReflectionPermission(IInternalConfigHost host, String typeString, Boolean throwOnError)
   at System.Configuration.RuntimeConfigurationRecord.RuntimeConfigurationFactory.Init(RuntimeConfigurationRecord configRecord, FactoryRecord factoryRecord)
   at System.Configuration.RuntimeConfigurationRecord.RuntimeConfigurationFactory.InitWithRestrictedPermissions(RuntimeConfigurationRecord configRecord, FactoryRecord factoryRecord)
   at System.Configuration.RuntimeConfigurationRecord.CreateSectionFactory(FactoryRecord factoryRecord)
   at System.Configuration.BaseConfigurationRecord.FindAndEnsureFactoryRecord(String configKey, Boolean& isRootDeclaredHere)
   --- End of inner exception stack trace ---
   at System.Configuration.BaseConfigurationRecord.FindAndEnsureFactoryRecord(String configKey, Boolean& isRootDeclaredHere)
   at System.Configuration.BaseConfigurationRecord.GetSectionRecursive(String configKey, Boolean getLkg, Boolean checkPermission, Boolean getRuntimeObject, Boolean requestIsHere, Object& result, Object& resultRuntimeObject)
   at System.Configuration.BaseConfigurationRecord.GetSection(String configKey)
   at System.Configuration.ConfigurationManager.GetSection(String sectionName)
   at KSDSLD.FiniteContexts.Util.FiniteContextsHelper.InitializeParameters(String finite_contexts_section_name) in C:\repos\softwareimpacts\KSD-SLD\FiniteContexts\Util\FiniteContextsHelper.cs:line 31
   at KSDSLD.Program.Verify(Dataset user_samples, Dataset target_samples) in C:\repos\softwareimpacts\KSD-SLD\Program.cs:line 148
   at KSDSLD.Program.Run(String[] args) in C:\repos\softwareimpacts\KSD-SLD\Program.cs:line 228
   at KSDSLD.Program.Main(String[] args) in C:\repos\softwareimpacts\KSD-SLD\Program.cs:line 238
